app/build/outputs/logs/manifest-merger-debug-report.txt
-- Merging decision tree log ---
manifest
ADDED from src\main\AndroidManifest.xml:1:1-34:12
	package
		ADDED from src\main\AndroidManifest.xml:2:5-39
		INJECTED from src\main\AndroidManifest.xml
		INJECTED from src\main\AndroidManifest.xml
	android:versionName
		ADDED from src\main\AndroidManifest.xml:4:5-30
		INJECTED from src\main\AndroidManifest.xml
		INJECTED from src\main\AndroidManifest.xml
	android:versionCode
		ADDED from src\main\AndroidManifest.xml:3:5-28
		INJECTED from src\main\AndroidManifest.xml
		INJECTED from src\main\AndroidManifest.xml
	xmlns:android
		ADDED from src\main\AndroidManifest.xml:1:11-69
uses-sdk
ADDED from src\main\AndroidManifest.xml:6:5-8:41
MERGED from [com.android.support:support-v4:23.1.1] AndroidManifest.xml:20:5-43
	android:targetSdkVersion
		ADDED from src\main\AndroidManifest.xml:8:9-38
		INJECTED from src\main\AndroidManifest.xml
		INJECTED from src\main\AndroidManifest.xml
	android:minSdkVersion
		ADDED from src\main\AndroidManifest.xml:7:9-35
		INJECTED from src\main\AndroidManifest.xml
		INJECTED from src\main\AndroidManifest.xml
application
ADDED from src\main\AndroidManifest.xml:10:5-32:19
MERGED from [com.android.support:support-v4:23.1.1] AndroidManifest.xml:22:5-20
	android:label
		ADDED from src\main\AndroidManifest.xml:13:9-41
	android:allowBackup
		ADDED from src\main\AndroidManifest.xml:11:9-35
	android:icon
		ADDED from src\main\AndroidManifest.xml:12:9-45
	android:theme
		ADDED from src\main\AndroidManifest.xml:14:9-77
activity#com.gts.cybercadlauncher.HomeActivity
ADDED from src\main\AndroidManifest.xml:15:2-26:13
	android:label
		ADDED from src\main\AndroidManifest.xml:17:6-42
	android:stateNotNeeded
		ADDED from src\main\AndroidManifest.xml:20:6-35
	android:launchMode
		ADDED from src\main\AndroidManifest.xml:19:6-37
	android:name
		ADDED from src\main\AndroidManifest.xml:16:6-34
intent-filter#android.intent.action.MAIN+android.intent.category.DEFAULT+android.intent.category.HOME
ADDED from src\main\AndroidManifest.xml:21:5-25:21
action#android.intent.action.MAIN
ADDED from src\main\AndroidManifest.xml:22:7-59
	android:name
		ADDED from src\main\AndroidManifest.xml:22:15-56
category#android.intent.category.HOME
ADDED from src\main\AndroidManifest.xml:23:7-63
	android:name
		ADDED from src\main\AndroidManifest.xml:23:17-60
category#android.intent.category.DEFAULT
ADDED from src\main\AndroidManifest.xml:24:7-66
	android:name
		ADDED from src\main\AndroidManifest.xml:24:17-63
activity#com.gts.cybercadlauncher.AppsListActivity
ADDED from src\main\AndroidManifest.xml:28:2-31:13
	android:theme
		ADDED from src\main\AndroidManifest.xml:30:5-63
	android:name
		ADDED from src\main\AndroidManifest.xml:29:5-61